<?xml version="1.0" encoding="UTF-8"?>
<!-- Generated by org.testng.reporters.JUnitReportReporter -->
<testsuite hostname="prathyushas-MBP.fios-router.home" failures="0" tests="3" name="testcases.testcase" time="27.398" errors="0" timestamp="2020-01-18T13:12:11 EST" skipped="0">
  <testcase classname="testcases.testcase" name="test" time="9.482"/>
  <testcase classname="testcases.testcase" name="test" time="10.211"/>
  <testcase classname="testcases.testcase" name="test" time="7.705"/>
</testsuite> <!-- testcases.testcase -->
