<?xml version="1.0" encoding="UTF-8"?>
<!-- Generated by org.testng.reporters.JUnitReportReporter -->
<testsuite hostname="prathyushas-MBP.fios-router.home" failures="0" tests="3" name="testcases.testcase1" time="10.834" errors="0" timestamp="2020-01-18T11:35:44 EST" skipped="0">
  <testcase classname="testcases.testcase1" name="test" time="4.188"/>
  <testcase classname="testcases.testcase1" name="test" time="3.363"/>
  <testcase classname="testcases.testcase1" name="test" time="3.283"/>
</testsuite> <!-- testcases.testcase1 -->
